[16/Jan/2021:23:51:50] (I): WordPress Instance Info:
[16/Jan/2021:23:51:50] (I): Home URL : https://newproject.staging.cam
[16/Jan/2021:23:51:50] (I): Site URL : https://newproject.staging.cam
[16/Jan/2021:23:51:50] (I): WordPress Version : 5.6
[16/Jan/2021:23:51:50] (I): Onboarding Version : 1.1.2
[16/Jan/2021:23:51:50] (I): Multisite : No
[16/Jan/2021:23:51:50] (I): Server Info : Apache
[16/Jan/2021:23:51:50] (I): PHP Version : 7.3.23
[16/Jan/2021:23:51:50] (I): HTTPS : Yes
[16/Jan/2021:23:51:50] (I): PHP Max Execution Time : 30
[16/Jan/2021:23:51:50] (I): PHP Max Input Vars : 1000
[16/Jan/2021:23:51:50] (I): Max Upload Size : 8388608
[16/Jan/2021:23:51:50] (I): Plugins:
[16/Jan/2021:23:51:50] (I): [PLUGIN] Starter Templates : v2.4.0 (Brainstorm Force)
[16/Jan/2021:23:51:50] (I): [PLUGIN] Gutenberg : v9.7.3 (Gutenberg Team)
[16/Jan/2021:23:51:50] (I): [PLUGIN] Templates Patterns Collection : v1.1.2 (ThemeIsle)
[16/Jan/2021:23:51:50] (I): [PLUGIN] WPForms Lite : v1.6.4.1 (WPForms)
[16/Jan/2021:23:51:50] (P): Saving remote XML
[16/Jan/2021:23:51:50] (S): Saved remote XML at path /home/staging/newproject.staging.cam/wp-content/uploads/themeisle-demo-import.xml.
[16/Jan/2021:23:51:50] (P): Starting content import...
[16/Jan/2021:23:51:50] (S): Import started.
[16/Jan/2021:23:51:50] (S): Parsing XML file.
[16/Jan/2021:23:51:50] (P): Starting parsing file:/home/staging/newproject.staging.cam/wp-content/uploads/themeisle-demo-import.xml
[16/Jan/2021:23:51:50] (P): Using WXR_Parser_SimpleXML...
[16/Jan/2021:23:51:50] (S): Parsed XML
[16/Jan/2021:23:51:50] (P): Processing categories...
[16/Jan/2021:23:51:50] (S): Processed categories.
[16/Jan/2021:23:51:50] (P): Processing tags...
[16/Jan/2021:23:51:50] (S): No tags to process.
[16/Jan/2021:23:51:50] (P): Processing terms...
[16/Jan/2021:23:51:50] (S): Processed terms.
[16/Jan/2021:23:51:50] (P): Processing posts...
[16/Jan/2021:23:51:50] (P): Processing attachment: https://s33834.pcdn.co/web-agency-gb/wp-content/uploads/sites/422/2020/01/neve-webdesign-GB-01.png...
[16/Jan/2021:23:51:50] (P): Fetching attachment from url: https://s33834.pcdn.co/web-agency-gb/wp-content/uploads/sites/422/2020/01/neve-webdesign-GB-01.png...
[16/Jan/2021:23:51:51] (S): Fetched remote attachment.
[16/Jan/2021:23:51:51] (P): Inserting attachment...
[16/Jan/2021:23:51:51] (S): Attachment inserted
[16/Jan/2021:23:51:51] (S): Processed attachment.
[16/Jan/2021:23:51:51] (P): Processing attachment: https://s33834.pcdn.co/web-agency-gb/wp-content/uploads/sites/422/2020/01/neve-webdesign-GB-03.png...
[16/Jan/2021:23:51:51] (P): Fetching attachment from url: https://s33834.pcdn.co/web-agency-gb/wp-content/uploads/sites/422/2020/01/neve-webdesign-GB-03.png...
[16/Jan/2021:23:51:51] (S): Fetched remote attachment.
[16/Jan/2021:23:51:51] (P): Inserting attachment...
[16/Jan/2021:23:51:51] (S): Attachment inserted
[16/Jan/2021:23:51:51] (S): Processed attachment.
[16/Jan/2021:23:51:51] (P): Processing attachment: https://s33834.pcdn.co/web-agency-gb/wp-content/uploads/sites/422/2020/01/neve-webdesign-GB-04.png...
[16/Jan/2021:23:51:51] (P): Fetching attachment from url: https://s33834.pcdn.co/web-agency-gb/wp-content/uploads/sites/422/2020/01/neve-webdesign-GB-04.png...
[16/Jan/2021:23:51:51] (S): Fetched remote attachment.
[16/Jan/2021:23:51:51] (P): Inserting attachment...
[16/Jan/2021:23:51:51] (S): Attachment inserted
[16/Jan/2021:23:51:51] (S): Processed attachment.
[16/Jan/2021:23:51:51] (P): Processing attachment: https://s33834.pcdn.co/web-agency-gb/wp-content/uploads/sites/422/2020/01/neve-web-design-bg-08.jpg...
[16/Jan/2021:23:51:51] (P): Fetching attachment from url: https://s33834.pcdn.co/web-agency-gb/wp-content/uploads/sites/422/2020/01/neve-web-design-bg-08.jpg...
[16/Jan/2021:23:51:51] (S): Fetched remote attachment.
[16/Jan/2021:23:51:51] (P): Inserting attachment...
[16/Jan/2021:23:51:51] (S): Attachment inserted
[16/Jan/2021:23:51:51] (S): Processed attachment.
[16/Jan/2021:23:51:51] (P): Processing attachment: https://s33834.pcdn.co/web-agency-gb/wp-content/uploads/sites/422/2020/01/neve-web-design-bg-09.jpg...
[16/Jan/2021:23:51:51] (P): Fetching attachment from url: https://s33834.pcdn.co/web-agency-gb/wp-content/uploads/sites/422/2020/01/neve-web-design-bg-09.jpg...
[16/Jan/2021:23:51:51] (S): Fetched remote attachment.
[16/Jan/2021:23:51:51] (P): Inserting attachment...
[16/Jan/2021:23:51:51] (S): Attachment inserted
[16/Jan/2021:23:51:51] (S): Processed attachment.
[16/Jan/2021:23:51:51] (P): Processing attachment: https://s33834.pcdn.co/web-agency-gb/wp-content/uploads/sites/422/2020/01/neve-web-design-bg-10.jpg...
[16/Jan/2021:23:51:51] (P): Fetching attachment from url: https://s33834.pcdn.co/web-agency-gb/wp-content/uploads/sites/422/2020/01/neve-web-design-bg-10.jpg...
[16/Jan/2021:23:51:51] (S): Fetched remote attachment.
[16/Jan/2021:23:51:51] (P): Inserting attachment...
[16/Jan/2021:23:51:51] (S): Attachment inserted
[16/Jan/2021:23:51:51] (S): Processed attachment.
[16/Jan/2021:23:51:51] (P): Processing attachment: https://s33834.pcdn.co/web-agency-gb/wp-content/uploads/sites/422/2020/01/neve-web-design-bg-11.jpg...
[16/Jan/2021:23:51:51] (P): Fetching attachment from url: https://s33834.pcdn.co/web-agency-gb/wp-content/uploads/sites/422/2020/01/neve-web-design-bg-11.jpg...
[16/Jan/2021:23:51:51] (S): Fetched remote attachment.
[16/Jan/2021:23:51:51] (P): Inserting attachment...
[16/Jan/2021:23:51:51] (S): Attachment inserted
[16/Jan/2021:23:51:51] (S): Processed attachment.
[16/Jan/2021:23:51:51] (P): Processing attachment: https://s33834.pcdn.co/web-agency-gb/wp-content/uploads/sites/422/2020/01/neve-web-design-bg-12.jpg...
[16/Jan/2021:23:51:51] (P): Fetching attachment from url: https://s33834.pcdn.co/web-agency-gb/wp-content/uploads/sites/422/2020/01/neve-web-design-bg-12.jpg...
[16/Jan/2021:23:51:51] (S): Fetched remote attachment.
[16/Jan/2021:23:51:51] (P): Inserting attachment...
[16/Jan/2021:23:51:51] (S): Attachment inserted
[16/Jan/2021:23:51:51] (S): Processed attachment.
[16/Jan/2021:23:51:51] (P): Processing attachment: https://s33834.pcdn.co/web-agency-gb/wp-content/uploads/sites/422/2020/01/neve-web-design-bg-13.jpg...
[16/Jan/2021:23:51:51] (P): Fetching attachment from url: https://s33834.pcdn.co/web-agency-gb/wp-content/uploads/sites/422/2020/01/neve-web-design-bg-13.jpg...
[16/Jan/2021:23:51:51] (S): Fetched remote attachment.
[16/Jan/2021:23:51:51] (P): Inserting attachment...
[16/Jan/2021:23:51:51] (S): Attachment inserted
[16/Jan/2021:23:51:51] (S): Processed attachment.
[16/Jan/2021:23:51:51] (P): Processing attachment: https://s33834.pcdn.co/web-agency-gb/wp-content/uploads/sites/422/2020/01/neve-web-design-bg-14.jpg...
[16/Jan/2021:23:51:51] (P): Fetching attachment from url: https://s33834.pcdn.co/web-agency-gb/wp-content/uploads/sites/422/2020/01/neve-web-design-bg-14.jpg...
[16/Jan/2021:23:51:51] (S): Fetched remote attachment.
[16/Jan/2021:23:51:51] (P): Inserting attachment...
[16/Jan/2021:23:51:51] (S): Attachment inserted
[16/Jan/2021:23:51:51] (S): Processed attachment.
[16/Jan/2021:23:51:51] (P): Processing attachment: https://s33834.pcdn.co/web-agency-gb/wp-content/uploads/sites/422/2020/01/neve-web-design-bg-15.jpg...
[16/Jan/2021:23:51:51] (P): Fetching attachment from url: https://s33834.pcdn.co/web-agency-gb/wp-content/uploads/sites/422/2020/01/neve-web-design-bg-15.jpg...
[16/Jan/2021:23:51:51] (S): Fetched remote attachment.
[16/Jan/2021:23:51:51] (P): Inserting attachment...
[16/Jan/2021:23:51:51] (S): Attachment inserted
[16/Jan/2021:23:51:51] (S): Processed attachment.
[16/Jan/2021:23:51:51] (P): Processing attachment: https://s33834.pcdn.co/web-agency-gb/wp-content/uploads/sites/422/2020/06/cropped-web-agency-logo-2.png...
[16/Jan/2021:23:51:51] (P): Fetching attachment from url: https://s33834.pcdn.co/web-agency-gb/wp-content/uploads/sites/422/2020/06/cropped-web-agency-logo-2.png...
[16/Jan/2021:23:51:51] (S): Fetched remote attachment.
[16/Jan/2021:23:51:51] (P): Inserting attachment...
[16/Jan/2021:23:51:51] (S): Attachment inserted
[16/Jan/2021:23:51:51] (S): Processed attachment.
[16/Jan/2021:23:51:51] (P): Processing attachment: https://s33834.pcdn.co/web-agency-gb/wp-content/uploads/sites/422/2020/06/cropped-web-agency-icon.png...
[16/Jan/2021:23:51:51] (P): Fetching attachment from url: https://s33834.pcdn.co/web-agency-gb/wp-content/uploads/sites/422/2020/06/cropped-web-agency-icon.png...
[16/Jan/2021:23:51:51] (S): Fetched remote attachment.
[16/Jan/2021:23:51:51] (P): Inserting attachment...
[16/Jan/2021:23:51:51] (S): Attachment inserted
[16/Jan/2021:23:51:51] (S): Processed attachment.
[16/Jan/2021:23:51:51] (P): Processing attachment: https://s33834.pcdn.co/web-agency-gb/wp-content/uploads/sites/422/2020/07/web-design-studio-01.jpg.jpg...
[16/Jan/2021:23:51:51] (P): Fetching attachment from url: https://s33834.pcdn.co/web-agency-gb/wp-content/uploads/sites/422/2020/07/web-design-studio-01.jpg.jpg...
[16/Jan/2021:23:51:51] (S): Fetched remote attachment.
[16/Jan/2021:23:51:51] (P): Inserting attachment...
[16/Jan/2021:23:51:51] (S): Attachment inserted
[16/Jan/2021:23:51:51] (S): Processed attachment.
[16/Jan/2021:23:51:51] (P): Inserting custom_css: neve .
[16/Jan/2021:23:51:51] (S): Done inserting custom_css: neve .
[16/Jan/2021:23:51:51] (P): Processing attachment: https://s33834.pcdn.co/web-agency-gb/wp-content/uploads/sites/422/2020/12/web-agency-logo-3.png...
[16/Jan/2021:23:51:51] (P): Fetching attachment from url: https://s33834.pcdn.co/web-agency-gb/wp-content/uploads/sites/422/2020/12/web-agency-logo-3.png...
[16/Jan/2021:23:51:51] (S): Fetched remote attachment.
[16/Jan/2021:23:51:51] (P): Inserting attachment...
[16/Jan/2021:23:51:51] (S): Attachment inserted
[16/Jan/2021:23:51:51] (S): Processed attachment.
[16/Jan/2021:23:51:51] (P): Processing attachment: https://s33834.pcdn.co/web-agency-gb/wp-content/uploads/sites/422/2020/12/neve-web-design-studio-02.1.jpg...
[16/Jan/2021:23:51:51] (P): Fetching attachment from url: https://s33834.pcdn.co/web-agency-gb/wp-content/uploads/sites/422/2020/12/neve-web-design-studio-02.1.jpg...
[16/Jan/2021:23:51:51] (S): Fetched remote attachment.
[16/Jan/2021:23:51:51] (P): Inserting attachment...
[16/Jan/2021:23:51:51] (S): Attachment inserted
[16/Jan/2021:23:51:51] (S): Processed attachment.
[16/Jan/2021:23:51:51] (P): Processing attachment: https://s33834.pcdn.co/web-agency-gb/wp-content/uploads/sites/422/2020/12/neve-web-design-studio-03.1.jpg...
[16/Jan/2021:23:51:51] (P): Fetching attachment from url: https://s33834.pcdn.co/web-agency-gb/wp-content/uploads/sites/422/2020/12/neve-web-design-studio-03.1.jpg...
[16/Jan/2021:23:51:51] (S): Fetched remote attachment.
[16/Jan/2021:23:51:51] (P): Inserting attachment...
[16/Jan/2021:23:51:51] (S): Attachment inserted
[16/Jan/2021:23:51:51] (S): Processed attachment.
[16/Jan/2021:23:51:51] (P): Processing attachment: https://s33834.pcdn.co/web-agency-gb/wp-content/uploads/sites/422/2020/12/neve-web-design-studio-04.1.jpg...
[16/Jan/2021:23:51:51] (P): Fetching attachment from url: https://s33834.pcdn.co/web-agency-gb/wp-content/uploads/sites/422/2020/12/neve-web-design-studio-04.1.jpg...
[16/Jan/2021:23:51:51] (S): Fetched remote attachment.
[16/Jan/2021:23:51:51] (P): Inserting attachment...
[16/Jan/2021:23:51:51] (S): Attachment inserted
[16/Jan/2021:23:51:51] (S): Processed attachment.
[16/Jan/2021:23:51:51] (P): Processing attachment: https://s33834.pcdn.co/web-agency-gb/wp-content/uploads/sites/422/2020/12/neve-web-design-studio-07.1.png...
[16/Jan/2021:23:51:51] (P): Fetching attachment from url: https://s33834.pcdn.co/web-agency-gb/wp-content/uploads/sites/422/2020/12/neve-web-design-studio-07.1.png...
[16/Jan/2021:23:51:51] (S): Fetched remote attachment.
[16/Jan/2021:23:51:51] (P): Inserting attachment...
[16/Jan/2021:23:51:51] (S): Attachment inserted
[16/Jan/2021:23:51:51] (S): Processed attachment.
[16/Jan/2021:23:51:51] (P): Inserting page: News .
[16/Jan/2021:23:51:51] (S): Done inserting page: News .
[16/Jan/2021:23:51:51] (P): Inserting page: Home .
[16/Jan/2021:23:51:51] (S): Done inserting page: Home .
[16/Jan/2021:23:51:51] (P): Processing single menu item ' '...
[16/Jan/2021:23:51:52] (S): Processed single menu item.
[16/Jan/2021:23:51:52] (P): Processing single menu item ' '...
[16/Jan/2021:23:51:52] (S): Processed single menu item.
[16/Jan/2021:23:51:52] (P): Inserting wp_block: 3 column section .
[16/Jan/2021:23:51:52] (S): Done inserting wp_block: 3 column section .
[16/Jan/2021:23:51:52] (P): Inserting page: About Us .
[16/Jan/2021:23:51:52] (S): Done inserting page: About Us .
[16/Jan/2021:23:51:52] (P): Processing single menu item ' '...
[16/Jan/2021:23:51:52] (S): Processed single menu item.
[16/Jan/2021:23:51:52] (P): Inserting page: Portfolio .
[16/Jan/2021:23:51:52] (S): Done inserting page: Portfolio .
[16/Jan/2021:23:51:52] (P): Inserting page: Portfolio Single .
[16/Jan/2021:23:51:52] (S): Done inserting page: Portfolio Single .
[16/Jan/2021:23:51:52] (P): Processing single menu item ' '...
[16/Jan/2021:23:51:52] (S): Processed single menu item.
[16/Jan/2021:23:51:52] (P): Processing single menu item ' '...
[16/Jan/2021:23:51:52] (S): Processed single menu item.
[16/Jan/2021:23:51:52] (P): Inserting page: Contact Us .
[16/Jan/2021:23:51:52] (S): Done inserting page: Contact Us .
[16/Jan/2021:23:51:52] (P): Processing single menu item ' '...
[16/Jan/2021:23:51:52] (S): Processed single menu item.
[16/Jan/2021:23:51:52] (P): Inserting wp_block: Team Social Icons .
[16/Jan/2021:23:51:52] (S): Done inserting wp_block: Team Social Icons .
[16/Jan/2021:23:51:52] (S): Processed posts.
[16/Jan/2021:23:51:52] (P): Cleaning up import with id ...
[16/Jan/2021:23:51:52] (P): Done cleanup. Flushing cache...
[16/Jan/2021:23:51:52] (P): Flushed cache. Removing temporary data..
[16/Jan/2021:23:51:52] (S): Done importing
[16/Jan/2021:23:51:52] (P): Busting elementor cache
[16/Jan/2021:23:51:52] (S): Front page set up with id: 1147.
